\BOOKMARK [1][-]{section.1}{Introducci\363n}{}% 1
\BOOKMARK [1][-]{section.2}{Desarrollo}{}% 2
\BOOKMARK [2][-]{subsection.2.1}{Una \372nica instancia de MongoDB. Prueba de concepto MapReduce}{section.2}% 3
\BOOKMARK [3][-]{subsubsection.2.1.1}{Comunidad Upvoter-Neutral-Downvoter}{subsection.2.1}% 4
\BOOKMARK [3][-]{subsubsection.2.1.2}{Comentarios por submission}{subsection.2.1}% 5
\BOOKMARK [3][-]{subsubsection.2.1.3}{Usuario con m\341s puntaje}{subsection.2.1}% 6
\BOOKMARK [3][-]{subsubsection.2.1.4}{Horario m\341s y menos activo}{subsection.2.1}% 7
\BOOKMARK [3][-]{subsubsection.2.1.5}{\277D\363nde montar reddit?}{subsection.2.1}% 8
\BOOKMARK [1][-]{section.3}{Arquitectura elegida para MongoDB}{}% 9
\BOOKMARK [2][-]{subsection.3.1}{Sharding, conceptos generales}{section.3}% 10
\BOOKMARK [2][-]{subsection.3.2}{Sharding en MongoDB}{section.3}% 11
\BOOKMARK [2][-]{subsection.3.3}{Decisiones de arquitectura}{section.3}% 12
\BOOKMARK [3][-]{subsubsection.3.3.1}{Shards y Replica sets}{subsection.3.3}% 13
\BOOKMARK [3][-]{subsubsection.3.3.2}{Config servers}{subsection.3.3}% 14
\BOOKMARK [2][-]{subsection.3.4}{Mongos y shards}{section.3}% 15
\BOOKMARK [2][-]{subsection.3.5}{Incremento de Mongos y shards}{section.3}% 16
\BOOKMARK [1][-]{section.4}{Eligiendo un web service}{}% 17
\BOOKMARK [2][-]{subsubsection.4.0.1}{Breve descripci\363n de cloud computing y web services}{section.4}% 18
\BOOKMARK [3][-]{subsubsection.4.0.2}{Amazon}{subsubsection.4.0.1}% 19
\BOOKMARK [3][-]{subsubsection.4.0.3}{Google compute engine}{subsubsection.4.0.1}% 20
\BOOKMARK [3][-]{subsubsection.4.0.4}{dotCloud}{subsubsection.4.0.1}% 21
\BOOKMARK [3][-]{subsubsection.4.0.5}{Escalabilidad lineal}{subsubsection.4.0.1}% 22
\BOOKMARK [3][-]{subsubsection.4.0.6}{Migraci\363n a Hardware propio}{subsubsection.4.0.1}% 23
\BOOKMARK [3][-]{subsubsection.4.0.7}{Hecho real: Reddit sobre Amazon Ec2}{subsubsection.4.0.1}% 24
\BOOKMARK [1][-]{section.5}{Conclusiones}{}% 25
